<?xml version="1.0" encoding="UTF-8"?>
<!-- Generated by org.testng.reporters.JUnitReportReporter -->
<testsuite skipped="0" hostname="DESKTOP-NCJM12M" name="com.syntax.practice.ExcelWriteDemo" tests="1" failures="0" timestamp="19 Jun 2019 03:16:19 GMT" time="0.701" errors="0">
  <testcase name="writeExcel" time="0.701" classname="com.syntax.practice.ExcelWriteDemo"/>
</testsuite> <!-- com.syntax.practice.ExcelWriteDemo -->
