<?xml version="1.0" encoding="UTF-8"?>
<!-- Generated by org.testng.reporters.JUnitReportReporter -->
<testsuite hostname="DESKTOP-BG5TCU2" failures="0" tests="1" name="com.syntax.practice.UserDirPath" time="0.012" errors="0" timestamp="04 Sep 2019 21:05:23 GMT" skipped="0">
  <testcase classname="com.syntax.practice.UserDirPath" name="printPath" time="0.012"/>
</testsuite> <!-- com.syntax.practice.UserDirPath -->
