<?xml version="1.0" encoding="UTF-8"?>
<!-- Generated by org.testng.reporters.JUnitReportReporter -->
<testsuite skipped="0" hostname="Sumairs-MacBook-Pro.local" name="com.syntax.practice.ExcelFunctionsTest" tests="1" failures="0" timestamp="15 Jun 2019 17:04:15 GMT" time="0.502" errors="0">
  <testcase name="excelTest" time="0.502" classname="com.syntax.practice.ExcelFunctionsTest"/>
</testsuite> <!-- com.syntax.practice.ExcelFunctionsTest -->
