<?xml version="1.0" encoding="UTF-8"?>
<!-- Generated by org.testng.reporters.JUnitReportReporter -->
<testsuite skipped="0" hostname="DESKTOP-NCJM12M" name="com.inetBankingFramework.testCases.TC_LoginTest_001" tests="1" failures="0" timestamp="14 Jun 2020 05:43:32 GMT" time="4.705" errors="0">
  <testcase name="loginTest" time="4.705" classname="com.inetBankingFramework.testCases.TC_LoginTest_001"/>
</testsuite> <!-- com.inetBankingFramework.testCases.TC_LoginTest_001 -->
