<?xml version="1.0" encoding="UTF-8"?>
<!-- Generated by org.testng.reporters.JUnitReportReporter -->
<testsuite skipped="0" hostname="DESKTOP-NCJM12M" name="com.inetBankingFramework.testCases.TC_LoginDDT_002" tests="5" failures="0" timestamp="14 Jun 2020 05:46:44 GMT" time="24.769" errors="0">
  <testcase name="loginDDT" time="6.081" classname="com.inetBankingFramework.testCases.TC_LoginDDT_002"/>
  <testcase name="loginDDT" time="3.603" classname="com.inetBankingFramework.testCases.TC_LoginDDT_002"/>
  <testcase name="loginDDT" time="3.118" classname="com.inetBankingFramework.testCases.TC_LoginDDT_002"/>
  <testcase name="loginDDT" time="7.602" classname="com.inetBankingFramework.testCases.TC_LoginDDT_002"/>
  <testcase name="loginDDT" time="4.365" classname="com.inetBankingFramework.testCases.TC_LoginDDT_002"/>
</testsuite> <!-- com.inetBankingFramework.testCases.TC_LoginDDT_002 -->
