<?xml version="1.0" encoding="UTF-8"?>
<!-- Generated by org.testng.reporters.JUnitReportReporter -->
<testsuite skipped="0" hostname="DESKTOP-NCJM12M" name="com.class4.newTourExample" tests="1" failures="0" timestamp="23 Mar 2020 05:49:22 GMT" time="15.907" errors="0">
  <testcase name="userInformation" time="15.907" classname="com.class4.newTourExample"/>
</testsuite> <!-- com.class4.newTourExample -->
