<?xml version="1.0" encoding="UTF-8"?>
<!-- Generated by org.testng.reporters.JUnitReportReporter -->
<testsuite skipped="0" hostname="DESKTOP-NCJM12M" name="com.class2.SmartbearsoftwareExample" tests="3" failures="0" timestamp="10 Mar 2020 07:43:02 GMT" time="0.747" errors="0">
  <testcase name="loginScreenTitle" time="0.014" classname="com.class2.SmartbearsoftwareExample"/>
  <testcase name="login" time="0.643" classname="com.class2.SmartbearsoftwareExample"/>
  <testcase name="webOrders" time="0.090" classname="com.class2.SmartbearsoftwareExample"/>
</testsuite> <!-- com.class2.SmartbearsoftwareExample -->
