<?xml version="1.0" encoding="UTF-8"?>
<!-- Generated by org.testng.reporters.JUnitReportReporter -->
<testsuite skipped="0" hostname="DESKTOP-NCJM12M" name="com.class5.Task1" tests="3" failures="0" timestamp="18 Jun 2019 04:20:57 GMT" time="15.178" errors="0">
  <testcase name="testUsers" time="5.842" classname="com.class5.Task1"/>
  <testcase name="testt" time="4.186" classname="com.class5.Task1"/>
  <testcase name="testUsers" time="5.150" classname="com.class5.Task1"/>
</testsuite> <!-- com.class5.Task1 -->
