<?xml version="1.0" encoding="UTF-8"?>
<!-- Generated by org.testng.reporters.JUnitReportReporter -->
<testsuite skipped="0" hostname="DESKTOP-NCJM12M" name="com.class1.testNG" tests="1" failures="0" timestamp="05 Mar 2020 06:45:26 GMT" time="0.015" errors="0">
  <testcase name="sayHello" time="0.015" classname="com.class1.testNG"/>
</testsuite> <!-- com.class1.testNG -->
