<?xml version="1.0" encoding="UTF-8"?>
<!-- Generated by org.testng.reporters.JUnitReportReporter -->
<testsuite skipped="0" hostname="DESKTOP-NCJM12M" name="com.class2.taskk" tests="3" failures="0" timestamp="01 Jun 2019 14:49:22 GMT" time="8.151" errors="0">
  <testcase name="login" time="0.787" classname="com.class2.taskk"/>
  <testcase name="mainPage" time="2.053" classname="com.class2.taskk"/>
  <testcase name="fleeceJacket" time="5.311" classname="com.class2.taskk"/>
</testsuite> <!-- com.class2.taskk -->
