<?xml version="1.0" encoding="UTF-8"?>
<!-- Generated by org.testng.reporters.JUnitReportReporter -->
<testsuite skipped="0" hostname="DESKTOP-NCJM12M" name="com.class4.Saucedemo" tests="2" failures="0" timestamp="23 Mar 2020 04:34:44 GMT" time="47.406" errors="0">
  <testcase name="UserName1" time="29.251" classname="com.class4.Saucedemo"/>
  <testcase name="UserName2" time="18.155" classname="com.class4.Saucedemo"/>
</testsuite> <!-- com.class4.Saucedemo -->
