<?xml version="1.0" encoding="UTF-8"?>
<!-- Generated by org.testng.reporters.JUnitReportReporter -->
<testsuite skipped="0" hostname="DESKTOP-NCJM12M" name="Recap.PriorityAndBeforeAfter" tests="2" failures="0" timestamp="05 Mar 2020 07:10:54 GMT" time="0.009" errors="0">
  <testcase name="test_2" time="0.008" classname="Recap.PriorityAndBeforeAfter"/>
  <testcase name="test_1" time="0.001" classname="Recap.PriorityAndBeforeAfter"/>
</testsuite> <!-- Recap.PriorityAndBeforeAfter -->
