<?xml version="1.0" encoding="UTF-8"?>
<!-- Generated by org.testng.reporters.JUnitReportReporter -->
<testsuite skipped="0" hostname="DESKTOP-NCJM12M" name="Recap.Groups_Testing" tests="4" failures="0" timestamp="05 Mar 2020 07:55:30 GMT" time="0.010" errors="0">
  <testcase name="test_4" time="0.001" classname="Recap.Groups_Testing"/>
  <testcase name="test_2" time="0.001" classname="Recap.Groups_Testing"/>
  <testcase name="test_3" time="0.001" classname="Recap.Groups_Testing"/>
  <testcase name="test_1" time="0.007" classname="Recap.Groups_Testing"/>
</testsuite> <!-- Recap.Groups_Testing -->
