<?xml version="1.0" encoding="UTF-8"?>
<!-- Generated by org.testng.reporters.JUnitReportReporter -->
<testsuite skipped="0" hostname="DESKTOP-NCJM12M" name="Recap.Facebook" tests="2" failures="0" timestamp="14 Mar 2020 08:28:29 GMT" time="75.886" errors="0">
  <testcase name="login" time="39.455" classname="Recap.Facebook"/>
  <testcase name="login" time="36.431" classname="Recap.Facebook"/>
</testsuite> <!-- Recap.Facebook -->
