<?xml version="1.0" encoding="UTF-8"?>
<!-- Generated by org.testng.reporters.JUnitReportReporter -->
<testsuite skipped="0" hostname="DESKTOP-NCJM12M" name="com.class3.DependsOnMethods" tests="2" failures="0" timestamp="13 Jun 2019 01:27:53 GMT" time="0.013" errors="0">
  <testcase name="three" time="0.001" classname="com.class3.DependsOnMethods"/>
  <testcase name="one" time="0.012" classname="com.class3.DependsOnMethods"/>
</testsuite> <!-- com.class3.DependsOnMethods -->
