<?xml version="1.0" encoding="UTF-8"?>
<!-- Generated by org.testng.reporters.JUnitReportReporter -->
<testsuite skipped="0" hostname="DESKTOP-NCJM12M" name="com.class1.Eample1" tests="3" failures="0" timestamp="27 Feb 2020 07:06:26 GMT" time="0.009" errors="0">
  <testcase name="test2" time="0.006" classname="com.class1.Eample1"/>
  <testcase name="test1" time="0.001" classname="com.class1.Eample1"/>
  <testcase name="test3" time="0.002" classname="com.class1.Eample1"/>
</testsuite> <!-- com.class1.Eample1 -->
