<?xml version="1.0" encoding="UTF-8"?>
<!-- Generated by org.testng.reporters.JUnitReportReporter -->
<testsuite skipped="0" hostname="DESKTOP-NCJM12M" name="com.class2.Priorty" tests="4" failures="0" timestamp="05 Mar 2020 05:42:29 GMT" time="0.013" errors="0">
  <testcase name="second" time="0.010" classname="com.class2.Priorty"/>
  <testcase name="first" time="0.001" classname="com.class2.Priorty"/>
  <testcase name="third" time="0.001" classname="com.class2.Priorty"/>
  <testcase name="forth" time="0.001" classname="com.class2.Priorty"/>
</testsuite> <!-- com.class2.Priorty -->
