<?xml version="1.0" encoding="UTF-8"?>
<!-- Generated by org.testng.reporters.JUnitReportReporter -->
<testsuite skipped="0" hostname="DESKTOP-NCJM12M" name="com.class3.BasicXMLPartOne" tests="3" failures="0" timestamp="06 Jun 2019 02:36:21 GMT" time="0.007" errors="0">
  <testcase name="testOneFromBasic1" time="0.002" classname="com.class3.BasicXMLPartOne"/>
  <testcase name="testSecondFromBasic1" time="0.002" classname="com.class3.BasicXMLPartOne"/>
  <testcase name="testThirdFromBasic1" time="0.003" classname="com.class3.BasicXMLPartOne"/>
</testsuite> <!-- com.class3.BasicXMLPartOne -->
