<?xml version="1.0" encoding="UTF-8"?>
<!-- Generated by org.testng.reporters.JUnitReportReporter -->
<testsuite skipped="0" hostname="DESKTOP-NCJM12M" name="Recap.Facebook_With_Parameters" tests="1" failures="0" timestamp="23 Mar 2020 08:37:30 GMT" time="6.502" errors="0">
  <testcase name="login" time="6.502" classname="Recap.Facebook_With_Parameters"/>
</testsuite> <!-- Recap.Facebook_With_Parameters -->
