<?xml version="1.0" encoding="UTF-8"?>
<!-- Generated by org.testng.reporters.JUnitReportReporter -->
<testsuite skipped="0" hostname="DESKTOP-NCJM12M" name="com.class4.ToolsQaEcample" tests="4" failures="0" timestamp="08 Jun 2019 14:29:52 GMT" time="64.679" errors="0">
  <testcase name="getData" time="16.667" classname="com.class4.ToolsQaEcample"/>
  <testcase name="getData" time="15.606" classname="com.class4.ToolsQaEcample"/>
  <testcase name="getData" time="17.061" classname="com.class4.ToolsQaEcample"/>
  <testcase name="getData" time="15.345" classname="com.class4.ToolsQaEcample"/>
</testsuite> <!-- com.class4.ToolsQaEcample -->
