<?xml version="1.0" encoding="UTF-8"?>
<!-- Generated by org.testng.reporters.JUnitReportReporter -->
<testsuite skipped="1" hostname="DESKTOP-NCJM12M" name="Recap.Dependency" tests="4" failures="0" timestamp="05 Mar 2020 07:17:16 GMT" time="0.016" errors="0">
  <testcase name="test_1" time="0.004" classname="Recap.Dependency"/>
  <testcase name="test_3" time="0.005" classname="Recap.Dependency"/>
  <testcase name="test_4" time="0.007" classname="Recap.Dependency"/>
  <testcase name="test_2" classname="Recap.Dependency">
    <skipped/>
  </testcase> <!-- test_2 -->
</testsuite> <!-- Recap.Dependency -->
