<?xml version="1.0" encoding="UTF-8"?>
<!-- Generated by org.testng.reporters.JUnitReportReporter -->
<testsuite skipped="0" hostname="DESKTOP-NCJM12M" name="com.class3.Taskk" tests="2" failures="0" timestamp="06 Jun 2019 23:17:46 GMT" time="2.154" errors="0">
  <testcase name="contacInfo" time="0.696" classname="com.class3.Taskk"/>
  <testcase name="userInformation" time="1.458" classname="com.class3.Taskk"/>
</testsuite> <!-- com.class3.Taskk -->
