<?xml version="1.0" encoding="UTF-8"?>
<!-- Generated by org.testng.reporters.JUnitReportReporter -->
<testsuite skipped="0" hostname="DESKTOP-NCJM12M" name="com.class1.orangehrmExample" tests="1" failures="0" timestamp="29 May 2019 07:16:26 GMT" time="10.813" errors="0">
  <testcase name="login" time="10.813" classname="com.class1.orangehrmExample"/>
</testsuite> <!-- com.class1.orangehrmExample -->
