<?xml version="1.0" encoding="UTF-8"?>
<!-- Generated by org.testng.reporters.JUnitReportReporter -->
<testsuite skipped="0" hostname="DESKTOP-NCJM12M" name="com.class3.MethodsExample" tests="4" failures="0" timestamp="05 Mar 2020 07:35:02 GMT" time="0.018" errors="0">
  <testcase name="Two" time="0.001" classname="com.class3.MethodsExample"/>
  <testcase name="Four" time="0.014" classname="com.class3.MethodsExample"/>
  <testcase name="One" time="0.002" classname="com.class3.MethodsExample"/>
  <testcase name="Three" time="0.001" classname="com.class3.MethodsExample"/>
</testsuite> <!-- com.class3.MethodsExample -->
