<?xml version="1.0" encoding="UTF-8"?>
<!-- Generated by org.testng.reporters.JUnitReportReporter -->
<testsuite skipped="0" hostname="DESKTOP-NCJM12M" name="com.class2.priortyExampleTwo" tests="2" failures="0" timestamp="01 Jun 2019 06:47:29 GMT" time="4.451" errors="0">
  <testcase name="login" time="2.403" classname="com.class2.priortyExampleTwo"/>
  <testcase name="mainPage" time="2.048" classname="com.class2.priortyExampleTwo"/>
</testsuite> <!-- com.class2.priortyExampleTwo -->
