<?xml version="1.0" encoding="UTF-8"?>
<!-- Generated by org.testng.reporters.JUnitReportReporter -->
<testsuite skipped="0" hostname="DESKTOP-NCJM12M" name="com.class2.HomeWorkClassTwo" tests="1" failures="0" timestamp="31 May 2019 03:56:09 GMT" time="0.010" errors="0">
  <testcase name="methodTest" time="0.010" classname="com.class2.HomeWorkClassTwo"/>
</testsuite> <!-- com.class2.HomeWorkClassTwo -->
