<?xml version="1.0" encoding="UTF-8"?>
<!-- Generated by org.testng.reporters.JUnitReportReporter -->
<testsuite skipped="0" hostname="DESKTOP-NCJM12M" name="com.class3.NewtoursExample" tests="2" failures="0" timestamp="07 Jun 2019 00:46:55 GMT" time="1.808" errors="0">
  <testcase name="maılıngınfo" time="0.921" classname="com.class3.NewtoursExample"/>
  <testcase name="contactinfo" time="0.887" classname="com.class3.NewtoursExample"/>
</testsuite> <!-- com.class3.NewtoursExample -->
