<?xml version="1.0" encoding="UTF-8"?>
<!-- Generated by org.testng.reporters.JUnitReportReporter -->
<testsuite skipped="0" hostname="DESKTOP-NCJM12M" name="Recap.Parameters_Seleniumeasy" tests="2" failures="0" timestamp="26 Mar 2020 05:08:04 GMT" time="16.907" errors="0">
  <testcase name="Two_Input_Field" time="10.441" classname="Recap.Parameters_Seleniumeasy"/>
  <testcase name="Single_Input_Field" time="6.466" classname="Recap.Parameters_Seleniumeasy"/>
</testsuite> <!-- Recap.Parameters_Seleniumeasy -->
