<?xml version="1.0" encoding="UTF-8"?>
<!-- Generated by org.testng.reporters.JUnitReportReporter -->
<testsuite skipped="0" hostname="DESKTOP-NCJM12M" name="com.class3.GroupsExample" tests="2" failures="0" timestamp="05 Mar 2020 07:25:51 GMT" time="0.013" errors="0">
  <testcase name="Three" time="0.012" classname="com.class3.GroupsExample"/>
  <testcase name="one" time="0.001" classname="com.class3.GroupsExample"/>
</testsuite> <!-- com.class3.GroupsExample -->
